Tue Jan 30 2018 19:52:35 GMT-0800 (PST): GET /
Tue Jan 30 2018 19:52:41 GMT-0800 (PST): GET /
Tue Jan 30 2018 19:53:23 GMT-0800 (PST): GET /
Tue Jan 30 2018 19:53:35 GMT-0800 (PST): GET /about
Tue Jan 30 2018 19:53:44 GMT-0800 (PST): GET /
Tue Jan 30 2018 19:53:46 GMT-0800 (PST): GET /about
Tue Jan 30 2018 19:53:50 GMT-0800 (PST): GET /
Tue Jan 30 2018 19:54:38 GMT-0800 (PST): GET /about
Tue Jan 30 2018 19:54:42 GMT-0800 (PST): GET /
Tue Jan 30 2018 19:54:50 GMT-0800 (PST): GET /help.html
Tue Jan 30 2018 19:56:51 GMT-0800 (PST): GET /help.html
Tue Jan 30 2018 19:56:55 GMT-0800 (PST): GET /help.html
Tue Jan 30 2018 19:56:59 GMT-0800 (PST): GET /public/
Tue Jan 30 2018 19:57:03 GMT-0800 (PST): GET /
Tue Jan 30 2018 19:57:11 GMT-0800 (PST): GET /about
Thu Feb 01 2018 13:33:32 GMT-0800 (PST): GET /
Thu Feb 01 2018 13:33:34 GMT-0800 (PST): GET /projects
Thu Feb 01 2018 13:33:41 GMT-0800 (PST): GET /about
Thu Feb 01 2018 13:33:42 GMT-0800 (PST): GET /
Thu Feb 01 2018 13:33:44 GMT-0800 (PST): GET /projects
Thu Feb 01 2018 13:34:41 GMT-0800 (PST): GET /
Thu Feb 01 2018 13:34:43 GMT-0800 (PST): GET /projects
Thu Feb 01 2018 13:34:57 GMT-0800 (PST): GET /about
Thu Feb 01 2018 13:34:57 GMT-0800 (PST): GET /
Thu Feb 01 2018 13:34:58 GMT-0800 (PST): GET /projects
